Starting Dynare (version 5.5-arm64).
Calling Dynare with arguments: none
Starting preprocessing of the model file ...
WARNING: in the 'steady_state_model' block, variable 'ewma' is not assigned a value
WARNING: in the 'steady_state_model' block, variable 'epinfma' is not assigned a value
WARNING: in the 'steady_state_model' block, variable 'zcapf' is not assigned a value
WARNING: in the 'steady_state_model' block, variable 'rkf' is not assigned a value
WARNING: in the 'steady_state_model' block, variable 'kf' is not assigned a value
WARNING: in the 'steady_state_model' block, variable 'pkf' is not assigned a value
WARNING: in the 'steady_state_model' block, variable 'cf' is not assigned a value
WARNING: in the 'steady_state_model' block, variable 'invef' is not assigned a value
WARNING: in the 'steady_state_model' block, variable 'yf' is not assigned a value
WARNING: in the 'steady_state_model' block, variable 'labf' is not assigned a value
WARNING: in the 'steady_state_model' block, variable 'wf' is not assigned a value
WARNING: in the 'steady_state_model' block, variable 'rrf' is not assigned a value
WARNING: in the 'steady_state_model' block, variable 'mc' is not assigned a value
WARNING: in the 'steady_state_model' block, variable 'zcap' is not assigned a value
WARNING: in the 'steady_state_model' block, variable 'rk' is not assigned a value
WARNING: in the 'steady_state_model' block, variable 'k' is not assigned a value
WARNING: in the 'steady_state_model' block, variable 'pk' is not assigned a value
WARNING: in the 'steady_state_model' block, variable 'c' is not assigned a value
WARNING: in the 'steady_state_model' block, variable 'inve' is not assigned a value
WARNING: in the 'steady_state_model' block, variable 'y' is not assigned a value
WARNING: in the 'steady_state_model' block, variable 'lab' is not assigned a value
WARNING: in the 'steady_state_model' block, variable 'pinf' is not assigned a value
WARNING: in the 'steady_state_model' block, variable 'w' is not assigned a value
WARNING: in the 'steady_state_model' block, variable 'r' is not assigned a value
WARNING: in the 'steady_state_model' block, variable 'a' is not assigned a value
WARNING: in the 'steady_state_model' block, variable 'b' is not assigned a value
WARNING: in the 'steady_state_model' block, variable 'g' is not assigned a value
WARNING: in the 'steady_state_model' block, variable 'qs' is not assigned a value
WARNING: in the 'steady_state_model' block, variable 'ms' is not assigned a value
WARNING: in the 'steady_state_model' block, variable 'spinf' is not assigned a value
WARNING: in the 'steady_state_model' block, variable 'sw' is not assigned a value
WARNING: in the 'steady_state_model' block, variable 'kpf' is not assigned a value
WARNING: in the 'steady_state_model' block, variable 'kp' is not assigned a value
Found 40 equation(s).
Evaluating expressions...done
Computing static model derivatives (order 1).
Computing dynamic model derivatives (order 2).
Processing outputs ...
done
Preprocessing completed.

[Warning: Some of the parameters have no value (ccs, cinvs, crdpi) when using stoch_simul. If these parameters are not initialized in a
steadystate file or a steady_state_model-block, Dynare may not be able to solve the model. Note that simul, perfect_foresight_setup, and
perfect_foresight_solver do not automatically call the steady state file.] 

MODEL SUMMARY

  Number of variables:         40
  Number of stochastic shocks: 7
  Number of state variables:   20
  Number of jumpers:           12
  Number of static variables:  14


MATRIX OF COVARIANCE OF EXOGENOUS SHOCKS
Variables          ea        eb        eg       eqs        em     epinf        ew
ea           0.204113  0.000000  0.000000  0.000000  0.000000  0.000000  0.000000
eb           0.000000  0.058787  0.000000  0.000000  0.000000  0.000000  0.000000
eg           0.000000  0.000000  0.270411  0.000000  0.000000  0.000000  0.000000
eqs          0.000000  0.000000  0.000000  0.202596  0.000000  0.000000  0.000000
em           0.000000  0.000000  0.000000  0.000000  0.057523  0.000000  0.000000
epinf        0.000000  0.000000  0.000000  0.000000  0.000000  0.019916  0.000000
ew           0.000000  0.000000  0.000000  0.000000  0.000000  0.000000  0.059727

POLICY AND TRANSITION FUNCTIONS
                                  dy              dc           dinve          labobs         pinfobs              dw            robs
Constant                    0.432026        0.432026        0.432026       -0.103065        0.817982        0.432026        1.589136
ewma(-1)                    2.062663        2.980750        1.512253        1.739964       -4.047080       -3.198096       -1.024734
epinfma(-1)                 1.969387        0.805864        5.643383        0.927226       -3.530035        4.468039       -0.853202
yf(-1)                     -0.153736       -0.156475       -0.237166       -0.103739       -0.031255       -0.027490        0.174535
y(-1)                      -0.846264        0.156475        0.237166        0.103739        0.031255        0.027490       -0.174535
r(-1)                      -0.562273       -0.572288       -0.867406       -0.379413       -0.114313       -0.100543        0.638342
a(-1)                       0.225350        0.234854        0.821776       -0.929615       -0.129100        0.140912       -0.166420
b(-1)                       0.315021        0.382675        0.265025        0.214896        0.013445        0.032509        0.080192
g(-1)                       0.921765       -0.111110       -0.226630        0.636824        0.026853        0.012855        0.052902
qs(-1)                      0.474180       -0.038687        2.696155        0.323625        0.053798        0.047330        0.052533
ms(-1)                     -0.099237       -0.100047       -0.156499       -0.066928       -0.020934       -0.018115        0.095611
spinf(-1)                  -2.389601       -0.977813       -6.847528       -1.125071        4.283249       -5.421397        1.035252
sw(-1)                     -2.257069       -3.261686       -1.654783       -1.903956        4.428518        3.499517        1.121315
kpf(-1)                     0.011290        0.010144        0.022401        0.007607        0.005027        0.002130        0.006327
kp(-1)                     -0.078318        0.046400       -0.041721       -0.173670       -0.025870        0.015459       -0.028380
cf(-1)                      0.014422        0.019558        0.004795        0.009898       -0.002283        0.000882       -0.079196
invef(-1)                   0.008748        0.010072        0.009321        0.005943        0.000471        0.001152       -0.024271
c(-1)                       0.489007       -0.270435       -0.080165        0.336759        0.013810        0.017926        0.121836
inve(-1)                    0.156620        0.002060       -0.161348        0.107655        0.005420        0.007814        0.039395
pinf(-1)                   -0.058432       -0.076384       -0.147929       -0.065376        0.243417        0.255425        0.077291
w(-1)                       0.024464       -0.038046       -0.083249       -0.059886        0.070869       -0.212853        0.032397
ea                          0.731844        0.185068        0.734964       -0.626358       -0.120179        0.153900       -0.145063
eb                          1.726715        2.097545        1.452675        1.177904        0.073698        0.178190        0.439556
eg                          0.944276       -0.113823       -0.232164        0.652376        0.027508        0.013169        0.054194
eqs                         0.668265       -0.054522        3.799706        0.456087        0.075818        0.066702        0.074035
em                         -0.780588       -0.786961       -1.231003       -0.526444       -0.164663       -0.142493        0.752064
epinf                      -0.787984       -0.428881       -1.769355       -0.351480        1.725964       -1.987735        0.458892
ew                         -0.155397       -0.358495       -0.298564       -0.278016        0.521800        1.746470        0.158494


THEORETICAL MOMENTS
VARIABLE         MEAN  STD. DEV.   VARIANCE
dy             0.4320     0.9436     0.8904
dc             0.4320     0.6883     0.4737
dinve          0.4320     2.3842     5.6842
labobs        -0.1031     2.9752     8.8518
pinfobs        0.8180     0.5675     0.3220
dw             0.4320     0.5563     0.3095
robs           1.5891     0.6213     0.3860



VARIANCE DECOMPOSITION (in percent)
               ea      eb      eg     eqs      em   epinf      ew
dy          15.91   22.10   28.63   15.97    6.31    4.55    6.52
dc           5.02   61.20    2.17    1.01   11.72    4.35   14.53
dinve        5.89    2.47    0.79   81.98    2.55    3.76    2.55
labobs       1.99    2.62   10.48    8.63    3.36    6.19   66.73
pinfobs      4.04    0.61    1.01    3.40    4.59   28.56   57.79
dw           4.28    0.79    0.09    2.06    1.51   29.15   62.13
robs        10.38    7.68    3.92   19.39   15.46    7.16   36.01



MATRIX OF CORRELATIONS
Variables         dy       dc    dinve   labobs  pinfobs       dw     robs
dy            1.0000   0.6224   0.6251   0.0878  -0.2350   0.2525  -0.2166
dc            0.6224   1.0000   0.3017   0.0858  -0.3023   0.1417  -0.2314
dinve         0.6251   0.3017   1.0000   0.0641  -0.1417   0.2258  -0.1805
labobs        0.0878   0.0858   0.0641   1.0000  -0.3601   0.1544  -0.2632
pinfobs      -0.2350  -0.3023  -0.1417  -0.3601   1.0000  -0.1674   0.6748
dw            0.2525   0.1417   0.2258   0.1544  -0.1674   1.0000  -0.1509
robs         -0.2166  -0.2314  -0.1805  -0.2632   0.6748  -0.1509   1.0000



COEFFICIENTS OF AUTOCORRELATION
Order            1        2        3        4        5
dy          0.2773   0.1613   0.0973   0.0537   0.0222
dc          0.3213   0.1694   0.1155   0.0825   0.0569
dinve       0.5979   0.3363   0.1629   0.0493  -0.0233
labobs      0.9748   0.9416   0.9051   0.8672   0.8293
pinfobs     0.8451   0.7367   0.6481   0.5727   0.5083
dw          0.1706   0.1572   0.1193   0.0814   0.0487
robs        0.9085   0.8025   0.7059   0.6218   0.5497
Total computing time : 0h00m00s
Note: 33 warning(s) encountered in the preprocessor
Note: warning(s) encountered in MATLAB/Octave code
